-------------------------------------------------------------------------------
Test set: Google search functionality
-------------------------------------------------------------------------------
Tests run: 1, Failures: 1, Errors: 0, Skipped: 0, Time elapsed: 24.105 s <<< FAILURE! - in Google search functionality
Google search functionality.Search functionality result title verification #1  Time elapsed: 24.105 s  <<< FAILURE!
org.junit.ComparisonFailure: Title verification is failed! expected:<apple [â€“] Google Search> but was:<apple [-] Google Search>

